Arguments: 
  /usr/local/bin/node /usr/local/bin/yarn

PATH: 
  /opt/homebrew/bin:/Library/Frameworks/Python.framework/Versions/3.10/bin:/usr/local/bin:/System/Cryptexes/App/usr/bin:/usr/bin:/bin:/usr/sbin:/sbin:/Library/Apple/usr/bin:/opt/homebrew/bin:/Library/Frameworks/Python.framework/Versions/3.10/bin

Yarn version: 
  1.22.19

Node version: 
  19.4.0

Platform: 
  darwin arm64

Trace: 
  Error: ENOENT: no such file or directory, copyfile '/Users/pawelkrystkiewicz/Library/Caches/Yarn/v6/npm-estraverse-4.3.0-398ad3f3c5a24948be7725e83d11a7de28cdbd1d-integrity/node_modules/estraverse/.jshintrc' -> '/Users/pawelkrystkiewicz/Documents/GitHub/creation-ui-react/node_modules/@typescript-eslint/utils/node_modules/estraverse/.jshintrc'

npm manifest: 
  {
    "name": "@creation-ui/react",
    "homepage": "https://creation-ui.com",
    "version": "0.0.3",
    "description": "@creation-ui/react is an easy-to-use components library for ReactJS & Tailwind CSS.",
    "repository": "https://github.com/creativetimofficial/creation-ui",
    "license": "MIT",
    "main": "build/index.js",
    "typings": "build/index.d.ts",
    "publishConfig": {
      "access": "public"
    },
    "files": [
      "build"
    ],
    "scripts": {
      "build:cjs": "swc ./src -d ./build --only ./src/**/*.ts --config-file .swcrc",
      "build:dts": "tsc --declaration --declarationMap --emitDeclarationOnly",
      "copy": "cp ./package.json ./build && cp ./README.md ./build && cp ./LICENSE ./build",
      "build": "pnpm build:cjs && pnpm build:dts && pnpm copy",
      "lint:check": "eslint . --ext js,jsx,ts,tsx --max-warnings=0 --config .eslintrc.json --no-eslintrc",
      "prettier:check": "prettier -c .",
      "prettify": "prettier --write \"**/*.{js,jsx,ts,tsx,json,css,scss,md,mdx}\"",
      "_publish": "npm publish --registry https://registry.npmjs.org --access public"
    },
    "dependencies": {
      "clsx": "latest",
      "downshift": "^6.1.7",
      "tailwind-merge": "^1.5.1",
      "class-variance-authority": "^0.4.0",
      "@headlessui/react": "^1.7.7",
      "@headlessui/tailwindcss": "^0.1.2",
      "uuid": "^9.0.0",
      "react-datepicker": "^4.8.0",
      "@tanstack/table-core": "^8.7.4",
      "@tanstack/react-table": "^8.7.4",
      "@tanstack/match-sorter-utils": "^8.7.2",
      "react-spring": "^9.6.1",
      "react-stick": "^5.0.3",
      "@tailwindcss/typography": "^0.5.8",
      "@tailwindcss/forms": "^0.5.3",
      "@tailwindcss/line-clamp": "^0.4.2",
      "@tailwindcss/aspect-ratio": "^0.4.2"
    },
    "peerDependencies": {
      "react": "^16 || ^17 || ^18",
      "react-dom": "^16 || ^17 || ^18",
      "tailwindcss": "^3.0"
    },
    "devDependencies": {
      "deepmerge": "^4.2.2",
      "@swc/cli": "^0.1.57",
      "@swc/core": "^1.2.224",
      "@types/node": "^18.6.1",
      "@types/react": "^18.0.15",
      "@types/react-dom": "^18.0.6",
      "@typescript-eslint/eslint-plugin": "^5.31.0",
      "@typescript-eslint/parser": "^5.31.0",
      "eslint": "^8.20.0",
      "eslint-config-prettier": "^8.5.0",
      "eslint-plugin-import": "^2.26.0",
      "eslint-plugin-prettier": "^4.2.1",
      "eslint-plugin-react": "^7.30.1",
      "eslint-plugin-react-hooks": "^4.6.0",
      "prettier": "^2.7.1",
      "typescript": "^4.7.4",
      "@types/react-datepicker": "^4.8.0"
    },
    "keywords": [
      "javascript",
      "react",
      "next",
      "create react app",
      "remix",
      "vite",
      "gatsby",
      "tailwind",
      "tailwind components",
      "tailwind elements",
      "tailwind library",
      "react library",
      "react components library",
      "tailwind sections",
      "tailwind css",
      "tailwind ui",
      "tailwind css react",
      "tailwind css next",
      "tailwind css remix",
      "tailwind css vite",
      "tailwind css gatsby"
    ]
  }

yarn manifest: 
  No manifest

Lockfile: 
  No lockfile
